<?xml version="1.0" encoding="UTF-8"?>
<!-- Generated by org.testng.reporters.JUnitReportReporter -->
<testsuite hostname="Terences-MacBook-Pro.local" failures="0" tests="11" name="workshop.day2.BankAccountTest" time="0.083" errors="0" timestamp="2021-12-07T09:29:57 SGT" skipped="0">
  <testcase classname="workshop.day2.BankAccountTest" name="testGetBalance" time="0.008"/>
  <system-out/>
  <testcase classname="workshop.day2.BankAccountTest" name="testGetName" time="0.007"/>
  <system-out/>
  <testcase classname="workshop.day2.BankAccountTest" name="testWithdrawFromClosedAccount" time="0.007"/>
  <system-out/>
  <testcase classname="workshop.day2.BankAccountTest" name="testGetAccountNumber" time="0.008"/>
  <system-out/>
  <testcase classname="workshop.day2.BankAccountTest" name="testWithdrawMoreThanBalance" time="0.008"/>
  <system-out/>
  <testcase classname="workshop.day2.BankAccountTest" name="testDepositNegativeAmount" time="0.007"/>
  <system-out/>
  <testcase classname="workshop.day2.BankAccountTest" name="testDeposit" time="0.008"/>
  <system-out/>
  <testcase classname="workshop.day2.BankAccountTest" name="testGetTransactions" time="0.007"/>
  <system-out/>
  <testcase classname="workshop.day2.BankAccountTest" name="testCreateDateNotBlank" time="0.007"/>
  <system-out/>
  <testcase classname="workshop.day2.BankAccountTest" name="testWithdraw" time="0.008"/>
  <system-out/>
  <testcase classname="workshop.day2.BankAccountTest" name="testCloseDateNotBlank" time="0.008"/>
  <system-out/>
</testsuite> <!-- workshop.day2.BankAccountTest -->
