<?xml version="1.0" encoding="UTF-8"?>
<!-- Generated by org.testng.reporters.JUnitReportReporter -->
<testsuite hostname="Terences-MBP" failures="0" tests="1" name="workshop.day2.AppTest" time="0.007" errors="0" timestamp="2021-12-06T20:20:37 SGT" skipped="0">
  <testcase classname="workshop.day2.AppTest" name="shouldAnswerWithTrue" time="0.007"/>
  <system-out/>
</testsuite> <!-- workshop.day2.AppTest -->
